TN:
SF:src\Applications\security\AuthenticationTokenManager.js
FN:2,(anonymous_0)
FN:6,(anonymous_1)
FN:10,(anonymous_2)
FN:14,(anonymous_3)
FNF:4
FNH:4
FNDA:1,(anonymous_0)
FNDA:1,(anonymous_1)
FNDA:1,(anonymous_2)
FNDA:1,(anonymous_3)
DA:3,1
DA:7,1
DA:11,1
DA:15,1
DA:19,8
LF:5
LH:5
BRF:0
BRH:0
end_of_record
TN:
SF:src\Applications\security\PasswordHash.js
FN:2,(anonymous_0)
FN:6,(anonymous_1)
FNF:2
FNH:2
FNDA:1,(anonymous_0)
FNDA:1,(anonymous_1)
DA:3,1
DA:7,1
DA:11,8
LF:3
LH:3
BRF:0
BRH:0
end_of_record
TN:
SF:src\Applications\use_case\AddCommentUseCase.js
FN:4,(anonymous_0)
FN:9,(anonymous_1)
FNF:2
FNH:2
FNDA:2,(anonymous_0)
FNDA:4,(anonymous_1)
DA:1,6
DA:5,2
DA:6,2
DA:10,4
DA:11,1
DA:12,1
DA:16,6
LF:7
LH:7
BRF:0
BRH:0
end_of_record
TN:
SF:src\Applications\use_case\AddThreadUseCase.js
FN:4,(anonymous_0)
FN:8,(anonymous_1)
FNF:2
FNH:2
FNDA:2,(anonymous_0)
FNDA:4,(anonymous_1)
DA:1,6
DA:5,2
DA:9,4
DA:10,2
DA:14,6
LF:5
LH:5
BRF:0
BRH:0
end_of_record
TN:
SF:src\Applications\use_case\AddUserUseCase.js
FN:4,(anonymous_0)
FN:9,(anonymous_1)
FNF:2
FNH:2
FNDA:3,(anonymous_0)
FNDA:10,(anonymous_1)
DA:1,6
DA:5,3
DA:6,3
DA:10,10
DA:11,6
DA:12,5
DA:13,5
DA:17,6
LF:8
LH:8
BRF:0
BRH:0
end_of_record
TN:
SF:src\Applications\use_case\DeleteAuthenticationUseCase.js
FN:2,(anonymous_0)
FN:8,(anonymous_1)
FN:15,(anonymous_2)
FNF:3
FNH:3
FNDA:3,(anonymous_0)
FNDA:3,(anonymous_1)
FNDA:3,(anonymous_2)
DA:5,3
DA:9,3
DA:10,1
DA:11,1
DA:12,1
DA:16,3
DA:17,3
DA:18,1
DA:21,2
DA:22,1
DA:27,1
LF:11
LH:11
BRDA:17,0,0,1
BRDA:17,0,1,2
BRDA:21,1,0,1
BRDA:21,1,1,1
BRF:4
BRH:4
end_of_record
TN:
SF:src\Applications\use_case\DeleteCommentUseCase.js
FN:2,(anonymous_0)
FN:10,(anonymous_1)
FN:19,(anonymous_2)
FNF:3
FNH:3
FNDA:4,(anonymous_0)
FNDA:6,(anonymous_1)
FNDA:6,(anonymous_2)
DA:6,4
DA:7,4
DA:11,6
DA:12,4
DA:13,4
DA:14,3
DA:15,3
DA:16,2
DA:20,6
DA:21,6
DA:22,1
DA:25,5
DA:26,1
DA:31,6
LF:14
LH:14
BRDA:21,0,0,1
BRDA:21,0,1,5
BRDA:21,1,0,6
BRDA:21,1,1,5
BRDA:21,1,2,5
BRDA:25,2,0,1
BRDA:25,2,1,4
BRDA:25,3,0,5
BRDA:25,3,1,4
BRDA:25,3,2,4
BRF:10
BRH:10
end_of_record
TN:
SF:src\Applications\use_case\GetThreadDetailUseCase.js
FN:5,(anonymous_0)
FN:10,(anonymous_1)
FNF:2
FNH:2
FNDA:2,(anonymous_0)
FNDA:3,(anonymous_1)
DA:1,6
DA:2,6
DA:6,2
DA:7,2
DA:11,3
DA:12,3
DA:13,2
DA:14,2
DA:15,2
DA:16,2
DA:22,6
LF:11
LH:11
BRF:0
BRH:0
end_of_record
TN:
SF:src\Applications\use_case\LoginUserUseCase.js
FN:5,(anonymous_0)
FN:17,(anonymous_1)
FNF:2
FNH:2
FNDA:2,(anonymous_0)
FNDA:7,(anonymous_1)
DA:1,6
DA:2,6
DA:11,2
DA:12,2
DA:13,2
DA:14,2
DA:18,7
DA:20,5
DA:22,4
DA:24,3
DA:26,3
DA:28,3
DA:31,3
DA:36,3
DA:38,3
DA:42,6
LF:16
LH:16
BRF:0
BRH:0
end_of_record
TN:
SF:src\Applications\use_case\LogoutUserUseCase.js
FN:2,(anonymous_0)
FN:8,(anonymous_1)
FN:15,(anonymous_2)
FNF:3
FNH:3
FNDA:4,(anonymous_0)
FNDA:7,(anonymous_1)
FNDA:7,(anonymous_2)
DA:5,4
DA:9,7
DA:10,3
DA:11,3
DA:12,2
DA:16,7
DA:17,7
DA:18,2
DA:21,5
DA:22,2
DA:27,6
LF:11
LH:11
BRDA:17,0,0,2
BRDA:17,0,1,5
BRDA:21,1,0,2
BRDA:21,1,1,3
BRF:4
BRH:4
end_of_record
TN:
SF:src\Applications\use_case\RefreshAuthenticationUseCase.js
FN:2,(anonymous_0)
FN:10,(anonymous_1)
FN:22,(anonymous_2)
FNF:3
FNH:3
FNDA:4,(anonymous_0)
FNDA:8,(anonymous_1)
FNDA:8,(anonymous_2)
DA:6,4
DA:7,4
DA:11,8
DA:12,4
DA:14,4
DA:15,3
DA:17,2
DA:19,2
DA:23,8
DA:25,8
DA:26,2
DA:29,6
DA:30,2
DA:35,6
LF:14
LH:14
BRDA:25,0,0,2
BRDA:25,0,1,6
BRDA:29,1,0,2
BRDA:29,1,1,4
BRF:4
BRH:4
end_of_record
TN:
SF:src\Commons\exceptions\AuthenticationError.js
FN:4,(anonymous_0)
FNF:1
FNH:1
FNDA:3,(anonymous_0)
DA:1,6
DA:5,3
DA:6,3
DA:10,6
LF:4
LH:4
BRF:0
BRH:0
end_of_record
TN:
SF:src\Commons\exceptions\AuthorizationError.js
FN:4,(anonymous_0)
FNF:1
FNH:1
FNDA:3,(anonymous_0)
DA:1,6
DA:5,3
DA:6,3
DA:10,6
LF:4
LH:4
BRF:0
BRH:0
end_of_record
TN:
SF:src\Commons\exceptions\ClientError.js
FN:2,(anonymous_0)
FNF:1
FNH:1
FNDA:120,(anonymous_0)
DA:3,120
DA:5,120
DA:6,1
DA:9,119
DA:10,119
DA:14,17
LF:6
LH:6
BRDA:2,0,0,104
BRDA:5,1,0,1
BRDA:5,1,1,119
BRF:3
BRH:3
end_of_record
TN:
SF:src\Commons\exceptions\DomainErrorTranslator.js
FN:4,(anonymous_0)
FNF:1
FNH:1
FNDA:35,(anonymous_0)
DA:1,6
DA:3,6
DA:5,35
DA:9,6
DA:26,6
LF:5
LH:5
BRDA:5,0,0,35
BRDA:5,0,1,15
BRF:2
BRH:2
end_of_record
TN:
SF:src\Commons\exceptions\InvariantError.js
FN:4,(anonymous_0)
FNF:1
FNH:1
FNDA:103,(anonymous_0)
DA:1,10
DA:5,103
DA:6,103
DA:10,10
LF:4
LH:4
BRF:0
BRH:0
end_of_record
TN:
SF:src\Commons\exceptions\NotFoundError.js
FN:4,(anonymous_0)
FNF:1
FNH:1
FNDA:10,(anonymous_0)
DA:1,7
DA:5,10
DA:6,10
DA:10,7
LF:4
LH:4
BRF:0
BRH:0
end_of_record
TN:
SF:src\Domains\authentications\AuthenticationRepository.js
FN:2,(anonymous_0)
FN:6,(anonymous_1)
FN:10,(anonymous_2)
FNF:3
FNH:3
FNDA:1,(anonymous_0)
FNDA:1,(anonymous_1)
FNDA:1,(anonymous_2)
DA:3,1
DA:7,1
DA:11,1
DA:15,10
LF:4
LH:4
BRF:0
BRH:0
end_of_record
TN:
SF:src\Domains\authentications\entities\NewAuth.js
FN:2,(anonymous_0)
FN:9,(anonymous_1)
FNF:2
FNH:2
FNDA:8,(anonymous_0)
FNDA:8,(anonymous_1)
DA:3,8
DA:5,6
DA:6,6
DA:10,8
DA:12,8
DA:13,1
DA:16,7
DA:17,1
DA:22,7
LF:9
LH:9
BRDA:12,0,0,1
BRDA:12,0,1,7
BRDA:12,1,0,8
BRDA:12,1,1,8
BRDA:16,2,0,1
BRDA:16,2,1,6
BRDA:16,3,0,7
BRDA:16,3,1,7
BRF:8
BRH:8
end_of_record
TN:
SF:src\Domains\comments\CommentRepository.js
FN:2,(anonymous_0)
FN:6,(anonymous_1)
FN:10,(anonymous_2)
FN:14,(anonymous_3)
FN:18,(anonymous_4)
FNF:5
FNH:5
FNDA:1,(anonymous_0)
FNDA:1,(anonymous_1)
FNDA:1,(anonymous_2)
FNDA:1,(anonymous_3)
FNDA:1,(anonymous_4)
DA:3,1
DA:7,1
DA:11,1
DA:15,1
DA:19,1
DA:23,9
LF:6
LH:6
BRF:0
BRH:0
end_of_record
TN:
SF:src\Domains\comments\entities\CommentDetail.js
FN:2,(anonymous_0)
FN:8,(anonymous_1)
FN:18,(anonymous_2)
FN:19,(anonymous_3)
FNF:4
FNH:4
FNDA:6,(anonymous_0)
FNDA:6,(anonymous_1)
FNDA:4,(anonymous_2)
FNDA:6,(anonymous_3)
DA:3,6
DA:4,4
DA:5,4
DA:9,6
DA:10,1
DA:13,5
DA:14,1
DA:19,6
DA:28,7
LF:9
LH:9
BRDA:9,0,0,1
BRDA:9,0,1,5
BRDA:13,1,0,1
BRDA:13,1,1,4
BRDA:23,2,0,2
BRDA:23,2,1,4
BRF:6
BRH:6
end_of_record
TN:
SF:src\Domains\comments\entities\CreateComment.js
FN:2,(anonymous_0)
FN:12,(anonymous_1)
FNF:2
FNH:2
FNDA:7,(anonymous_0)
FNDA:7,(anonymous_1)
DA:3,7
DA:5,5
DA:7,5
DA:8,5
DA:9,5
DA:13,7
DA:14,1
DA:17,6
DA:18,1
DA:23,8
LF:10
LH:10
BRDA:13,0,0,1
BRDA:13,0,1,6
BRDA:13,1,0,7
BRDA:13,1,1,7
BRDA:13,1,2,6
BRDA:17,2,0,1
BRDA:17,2,1,5
BRDA:17,3,0,6
BRDA:17,3,1,6
BRDA:17,3,2,5
BRF:10
BRH:10
end_of_record
TN:
SF:src\Domains\comments\entities\CreatedComment.js
FN:2,(anonymous_0)
FN:12,(anonymous_1)
FNF:2
FNH:2
FNDA:8,(anonymous_0)
FNDA:8,(anonymous_1)
DA:3,8
DA:5,6
DA:7,6
DA:8,6
DA:9,6
DA:13,8
DA:14,1
DA:17,7
DA:18,1
DA:23,7
LF:10
LH:10
BRDA:13,0,0,1
BRDA:13,0,1,7
BRDA:13,1,0,8
BRDA:13,1,1,7
BRDA:13,1,2,7
BRDA:17,2,0,1
BRDA:17,2,1,6
BRDA:17,3,0,7
BRDA:17,3,1,6
BRDA:17,3,2,6
BRF:10
BRH:10
end_of_record
TN:
SF:src\Domains\threads\ThreadRepository.js
FN:2,(anonymous_0)
FN:6,(anonymous_1)
FN:10,(anonymous_2)
FNF:3
FNH:3
FNDA:1,(anonymous_0)
FNDA:1,(anonymous_1)
FNDA:1,(anonymous_2)
DA:3,1
DA:7,1
DA:11,1
DA:15,10
LF:4
LH:4
BRF:0
BRH:0
end_of_record
TN:
SF:src\Domains\threads\entities\CreateThread.js
FN:2,(anonymous_0)
FN:12,(anonymous_1)
FNF:2
FNH:2
FNDA:10,(anonymous_0)
FNDA:10,(anonymous_1)
DA:3,10
DA:5,6
DA:7,6
DA:8,6
DA:9,6
DA:13,10
DA:14,2
DA:17,8
DA:18,2
DA:23,8
LF:10
LH:10
BRDA:13,0,0,2
BRDA:13,0,1,8
BRDA:13,1,0,10
BRDA:13,1,1,10
BRDA:13,1,2,8
BRDA:17,2,0,2
BRDA:17,2,1,6
BRDA:17,3,0,8
BRDA:17,3,1,8
BRDA:17,3,2,6
BRF:10
BRH:10
end_of_record
TN:
SF:src\Domains\threads\entities\CreatedThread.js
FN:2,(anonymous_0)
FN:12,(anonymous_1)
FNF:2
FNH:2
FNDA:9,(anonymous_0)
FNDA:9,(anonymous_1)
DA:3,9
DA:5,7
DA:7,7
DA:8,7
DA:9,7
DA:13,9
DA:14,1
DA:17,8
DA:18,1
DA:23,7
LF:10
LH:10
BRDA:13,0,0,1
BRDA:13,0,1,8
BRDA:13,1,0,9
BRDA:13,1,1,8
BRDA:13,1,2,8
BRDA:17,2,0,1
BRDA:17,2,1,7
BRDA:17,3,0,8
BRDA:17,3,1,7
BRDA:17,3,2,7
BRF:10
BRH:10
end_of_record
TN:
SF:src\Domains\threads\entities\ThreadDetail.js
FN:2,(anonymous_0)
FN:9,(anonymous_1)
FNF:2
FNH:2
FNDA:6,(anonymous_0)
FNDA:6,(anonymous_1)
DA:3,6
DA:5,4
DA:6,4
DA:10,6
DA:11,1
DA:14,5
DA:15,1
DA:20,7
LF:8
LH:8
BRDA:10,0,0,1
BRDA:10,0,1,5
BRDA:14,1,0,1
BRDA:14,1,1,4
BRF:4
BRH:4
end_of_record
TN:
SF:src\Domains\users\UserRepository.js
FN:2,(anonymous_0)
FN:6,(anonymous_1)
FN:10,(anonymous_2)
FN:14,(anonymous_3)
FNF:4
FNH:4
FNDA:1,(anonymous_0)
FNDA:1,(anonymous_1)
FNDA:1,(anonymous_2)
FNDA:1,(anonymous_3)
DA:3,1
DA:7,1
DA:11,1
DA:15,1
DA:19,8
LF:5
LH:5
BRF:0
BRH:0
end_of_record
TN:
SF:src\Domains\users\entities\RegisterUser.js
FN:2,(anonymous_0)
FN:12,(anonymous_1)
FNF:2
FNH:2
FNDA:18,(anonymous_0)
FNDA:18,(anonymous_1)
DA:3,18
DA:5,10
DA:7,10
DA:8,10
DA:9,10
DA:13,18
DA:14,2
DA:17,16
DA:18,2
DA:21,14
DA:22,2
DA:25,12
DA:26,2
DA:31,8
LF:14
LH:14
BRDA:13,0,0,2
BRDA:13,0,1,16
BRDA:13,1,0,18
BRDA:13,1,1,17
BRDA:13,1,2,17
BRDA:17,2,0,2
BRDA:17,2,1,14
BRDA:17,3,0,16
BRDA:17,3,1,15
BRDA:17,3,2,15
BRDA:21,4,0,2
BRDA:21,4,1,12
BRDA:25,5,0,2
BRDA:25,5,1,10
BRF:14
BRH:14
end_of_record
TN:
SF:src\Domains\users\entities\RegisteredUser.js
FN:2,(anonymous_0)
FN:12,(anonymous_1)
FNF:2
FNH:2
FNDA:12,(anonymous_0)
FNDA:12,(anonymous_1)
DA:3,12
DA:5,10
DA:7,10
DA:8,10
DA:9,10
DA:13,12
DA:14,1
DA:17,11
DA:18,1
DA:23,7
LF:10
LH:10
BRDA:13,0,0,1
BRDA:13,0,1,11
BRDA:13,1,0,12
BRDA:13,1,1,11
BRDA:13,1,2,11
BRDA:17,2,0,1
BRDA:17,2,1,10
BRDA:17,3,0,11
BRDA:17,3,1,10
BRDA:17,3,2,10
BRF:10
BRH:10
end_of_record
TN:
SF:src\Domains\users\entities\UserLogin.js
FN:2,(anonymous_0)
FN:9,(anonymous_1)
FNF:2
FNH:2
FNDA:10,(anonymous_0)
FNDA:10,(anonymous_1)
DA:3,10
DA:5,6
DA:6,6
DA:10,10
DA:12,10
DA:13,2
DA:16,8
DA:17,2
DA:22,7
LF:9
LH:9
BRDA:12,0,0,2
BRDA:12,0,1,8
BRDA:12,1,0,10
BRDA:12,1,1,10
BRDA:16,2,0,2
BRDA:16,2,1,6
BRDA:16,3,0,8
BRDA:16,3,1,7
BRF:8
BRH:8
end_of_record
TN:
SF:src\Infrastructures\http\createServer.js
FN:12,(anonymous_0)
FN:32,(anonymous_1)
FN:59,(anonymous_2)
FNF:3
FNH:3
FNDA:33,(anonymous_0)
FNDA:9,(anonymous_1)
FNDA:37,(anonymous_2)
DA:1,5
DA:2,5
DA:4,5
DA:5,5
DA:7,5
DA:8,5
DA:9,5
DA:10,5
DA:12,5
DA:13,33
DA:18,33
DA:24,33
DA:32,9
DA:40,33
DA:59,33
DA:61,37
DA:63,37
DA:65,26
DA:68,26
DA:69,24
DA:73,24
DA:74,24
DA:78,2
DA:79,1
DA:83,1
DA:87,1
DA:88,1
DA:92,11
DA:95,33
DA:98,5
LF:30
LH:30
BRDA:63,0,0,26
BRDA:63,0,1,11
BRDA:68,1,0,24
BRDA:68,1,1,2
BRDA:78,2,0,1
BRDA:78,2,1,1
BRF:6
BRH:6
end_of_record
TN:
SF:src\Infrastructures\repository\AuthenticationRepositoryPostgres.js
FN:5,(anonymous_0)
FN:10,(anonymous_1)
FN:19,(anonymous_2)
FN:32,(anonymous_3)
FNF:4
FNH:4
FNDA:5,(anonymous_0)
FNDA:3,(anonymous_1)
FNDA:6,(anonymous_2)
FNDA:2,(anonymous_3)
DA:1,5
DA:2,5
DA:6,5
DA:7,5
DA:11,3
DA:16,3
DA:20,6
DA:25,6
DA:27,6
DA:28,3
DA:33,2
DA:38,2
DA:42,5
LF:13
LH:13
BRDA:27,0,0,3
BRDA:27,0,1,3
BRF:2
BRH:2
end_of_record
TN:
SF:src\Infrastructures\repository\CommentRepositoryPostgres.js
FN:7,(anonymous_0)
FN:13,(anonymous_1)
FN:28,(anonymous_2)
FN:41,(anonymous_3)
FN:54,(anonymous_4)
FN:63,(anonymous_5)
FNF:6
FNH:6
FNDA:12,(anonymous_0)
FNDA:2,(anonymous_1)
FNDA:5,(anonymous_2)
FNDA:4,(anonymous_3)
FNDA:2,(anonymous_4)
FNDA:3,(anonymous_5)
DA:1,5
DA:2,5
DA:3,5
DA:4,5
DA:8,12
DA:9,12
DA:10,12
DA:14,2
DA:15,2
DA:16,2
DA:18,2
DA:23,2
DA:25,2
DA:29,5
DA:34,5
DA:36,5
DA:37,2
DA:42,4
DA:47,4
DA:49,4
DA:50,2
DA:55,2
DA:60,2
DA:64,3
DA:69,3
DA:70,3
DA:74,5
LF:27
LH:27
BRDA:36,0,0,2
BRDA:36,0,1,3
BRDA:49,1,0,2
BRDA:49,1,1,2
BRF:4
BRH:4
end_of_record
TN:
SF:src\Infrastructures\repository\ThreadRepositoryPostgres.js
FN:6,(anonymous_0)
FN:12,(anonymous_1)
FN:27,(anonymous_2)
FN:40,(anonymous_3)
FNF:4
FNH:4
FNDA:9,(anonymous_0)
FNDA:3,(anonymous_1)
FNDA:11,(anonymous_2)
FNDA:3,(anonymous_3)
DA:1,5
DA:2,5
DA:3,5
DA:7,9
DA:8,9
DA:9,9
DA:13,3
DA:14,3
DA:15,3
DA:17,3
DA:22,3
DA:24,3
DA:28,11
DA:33,11
DA:35,11
DA:36,6
DA:41,3
DA:46,3
DA:48,3
DA:49,1
DA:52,2
DA:56,5
LF:22
LH:22
BRDA:35,0,0,6
BRDA:35,0,1,5
BRDA:48,1,0,1
BRDA:48,1,1,2
BRF:4
BRH:4
end_of_record
TN:
SF:src\Infrastructures\repository\UserRepositoryPostgres.js
FN:6,(anonymous_0)
FN:12,(anonymous_1)
FN:25,(anonymous_2)
FN:39,(anonymous_3)
FN:54,(anonymous_4)
FNF:5
FNH:5
FNDA:10,(anonymous_0)
FNDA:7,(anonymous_1)
FNDA:6,(anonymous_2)
FNDA:6,(anonymous_3)
FNDA:4,(anonymous_4)
DA:1,5
DA:2,5
DA:3,5
DA:7,10
DA:8,10
DA:9,10
DA:13,7
DA:18,7
DA:20,7
DA:21,2
DA:26,6
DA:27,6
DA:29,6
DA:34,6
DA:36,6
DA:40,6
DA:45,6
DA:47,6
DA:48,2
DA:51,4
DA:55,4
DA:60,4
DA:62,4
DA:63,1
DA:66,3
DA:68,3
DA:72,5
LF:27
LH:27
BRDA:20,0,0,2
BRDA:20,0,1,5
BRDA:47,1,0,2
BRDA:47,1,1,4
BRDA:62,2,0,1
BRDA:62,2,1,3
BRF:6
BRH:6
end_of_record
TN:
SF:src\Infrastructures\security\BcryptPasswordHash.js
FN:5,(anonymous_0)
FN:11,(anonymous_1)
FN:15,(anonymous_2)
FNF:3
FNH:3
FNDA:5,(anonymous_0)
FNDA:6,(anonymous_1)
FNDA:5,(anonymous_2)
DA:1,5
DA:2,5
DA:6,5
DA:7,5
DA:8,5
DA:12,6
DA:16,5
DA:18,5
DA:19,2
DA:24,5
LF:10
LH:10
BRDA:5,0,0,5
BRDA:18,1,0,2
BRDA:18,1,1,3
BRF:3
BRH:3
end_of_record
TN:
SF:src\Infrastructures\security\JwtTokenManager.js
FN:5,(anonymous_0)
FN:10,(anonymous_1)
FN:14,(anonymous_2)
FN:18,(anonymous_3)
FN:27,(anonymous_4)
FNF:5
FNH:5
FNDA:6,(anonymous_0)
FNDA:6,(anonymous_1)
FNDA:5,(anonymous_2)
FNDA:5,(anonymous_3)
FNDA:2,(anonymous_4)
DA:1,5
DA:2,5
DA:6,6
DA:7,6
DA:11,6
DA:15,5
DA:19,5
DA:20,5
DA:21,4
DA:23,2
DA:28,2
DA:29,2
DA:33,5
LF:13
LH:13
BRF:0
BRH:0
end_of_record
TN:
SF:src\Interfaces\http\api\authentications\handler.js
FN:6,(anonymous_0)
FN:14,(anonymous_1)
FN:28,(anonymous_2)
FN:41,(anonymous_3)
FNF:4
FNH:4
FNDA:33,(anonymous_0)
FNDA:6,(anonymous_1)
FNDA:5,(anonymous_2)
FNDA:4,(anonymous_3)
DA:1,5
DA:2,5
DA:3,5
DA:7,33
DA:9,33
DA:10,33
DA:11,33
DA:15,6
DA:16,6
DA:17,2
DA:24,2
DA:25,2
DA:29,5
DA:31,5
DA:33,1
DA:42,4
DA:43,4
DA:44,1
DA:50,5
LF:19
LH:19
BRF:0
BRH:0
end_of_record
TN:
SF:src\Interfaces\http\api\authentications\index.js
FN:6,(anonymous_0)
FNF:1
FNH:1
FNDA:33,(anonymous_0)
DA:1,5
DA:2,5
DA:4,5
DA:7,33
DA:8,33
LF:5
LH:5
BRF:0
BRH:0
end_of_record
TN:
SF:src\Interfaces\http\api\authentications\routes.js
FN:1,(anonymous_0)
FNF:1
FNH:1
FNDA:33,(anonymous_0)
DA:1,33
DA:19,5
LF:2
LH:2
BRF:0
BRH:0
end_of_record
TN:
SF:src\Interfaces\http\api\comments\handler.js
FN:5,(anonymous_0)
FN:12,(anonymous_1)
FN:29,(anonymous_2)
FNF:3
FNH:3
FNDA:33,(anonymous_0)
FNDA:3,(anonymous_1)
FNDA:3,(anonymous_2)
DA:1,5
DA:2,5
DA:6,33
DA:8,33
DA:9,33
DA:13,3
DA:14,3
DA:15,3
DA:16,3
DA:17,3
DA:19,0
DA:25,0
DA:26,0
DA:30,3
DA:31,3
DA:32,3
DA:33,3
DA:35,1
DA:38,1
DA:39,1
DA:43,5
LF:21
LH:18
BRF:0
BRH:0
end_of_record
TN:
SF:src\Interfaces\http\api\comments\index.js
FN:6,(anonymous_0)
FNF:1
FNH:1
FNDA:33,(anonymous_0)
DA:1,5
DA:2,5
DA:4,5
DA:7,33
DA:8,33
LF:5
LH:5
BRF:0
BRH:0
end_of_record
TN:
SF:src\Interfaces\http\api\comments\routes.js
FN:1,(anonymous_0)
FNF:1
FNH:1
FNDA:33,(anonymous_0)
DA:1,33
DA:20,5
LF:2
LH:2
BRF:0
BRH:0
end_of_record
TN:
SF:src\Interfaces\http\api\threads\handler.js
FN:5,(anonymous_0)
FN:12,(anonymous_1)
FN:28,(anonymous_2)
FNF:3
FNH:3
FNDA:33,(anonymous_0)
FNDA:3,(anonymous_1)
FNDA:2,(anonymous_2)
DA:1,5
DA:2,5
DA:6,33
DA:8,33
DA:9,33
DA:13,3
DA:14,3
DA:15,3
DA:16,3
DA:18,1
DA:24,1
DA:25,1
DA:29,2
DA:31,2
DA:32,2
DA:34,1
DA:41,1
DA:42,1
DA:46,5
LF:19
LH:19
BRF:0
BRH:0
end_of_record
TN:
SF:src\Interfaces\http\api\threads\index.js
FN:6,(anonymous_0)
FNF:1
FNH:1
FNDA:33,(anonymous_0)
DA:1,5
DA:2,5
DA:4,5
DA:7,33
DA:8,33
LF:5
LH:5
BRF:0
BRH:0
end_of_record
TN:
SF:src\Interfaces\http\api\threads\routes.js
FN:1,(anonymous_0)
FNF:1
FNH:1
FNDA:33,(anonymous_0)
DA:1,33
DA:17,5
LF:2
LH:2
BRF:0
BRH:0
end_of_record
TN:
SF:src\Interfaces\http\api\users\handler.js
FN:4,(anonymous_0)
FN:10,(anonymous_1)
FNF:2
FNH:2
FNDA:33,(anonymous_0)
FNDA:10,(anonymous_1)
DA:1,5
DA:5,33
DA:7,33
DA:11,10
DA:12,9
DA:14,4
DA:20,4
DA:21,4
DA:25,5
LF:9
LH:9
BRF:0
BRH:0
end_of_record
TN:
SF:src\Interfaces\http\api\users\index.js
FN:6,(anonymous_0)
FNF:1
FNH:1
FNDA:33,(anonymous_0)
DA:1,5
DA:2,5
DA:4,5
DA:7,33
DA:8,33
LF:5
LH:5
BRF:0
BRH:0
end_of_record
TN:
SF:src\Interfaces\http\api\users\routes.js
FN:1,(anonymous_0)
FNF:1
FNH:1
FNDA:33,(anonymous_0)
DA:1,33
DA:9,5
LF:2
LH:2
BRF:0
BRH:0
end_of_record
